e:\lecturesandnotes\assignments\ca\simulatorproject\finalriscvsimulator\debug\vc142.pdb
e:\lecturesandnotes\assignments\ca\simulatorproject\finalriscvsimulator\debug\vc142.idb
e:\lecturesandnotes\assignments\ca\simulatorproject\finalriscvsimulator\debug\systemconfig.obj
e:\lecturesandnotes\assignments\ca\simulatorproject\finalriscvsimulator\debug\system.obj
e:\lecturesandnotes\assignments\ca\simulatorproject\finalriscvsimulator\debug\packet.obj
e:\lecturesandnotes\assignments\ca\simulatorproject\finalriscvsimulator\debug\memorywriteinstructionevent.obj
e:\lecturesandnotes\assignments\ca\simulatorproject\finalriscvsimulator\debug\memoryreadinstructionevent.obj
e:\lecturesandnotes\assignments\ca\simulatorproject\finalriscvsimulator\debug\memoryblock.obj
e:\lecturesandnotes\assignments\ca\simulatorproject\finalriscvsimulator\debug\mainmemory.obj
e:\lecturesandnotes\assignments\ca\simulatorproject\finalriscvsimulator\debug\main.obj
e:\lecturesandnotes\assignments\ca\simulatorproject\finalriscvsimulator\debug\instruction.obj
e:\lecturesandnotes\assignments\ca\simulatorproject\finalriscvsimulator\debug\fetchinstructionevent.obj
e:\lecturesandnotes\assignments\ca\simulatorproject\finalriscvsimulator\debug\executealuinstructionevent.obj
e:\lecturesandnotes\assignments\ca\simulatorproject\finalriscvsimulator\debug\event.obj
e:\lecturesandnotes\assignments\ca\simulatorproject\finalriscvsimulator\debug\decodeinstructionevent.obj
e:\lecturesandnotes\assignments\ca\simulatorproject\finalriscvsimulator\debug\dataconversionhelper.obj
e:\lecturesandnotes\assignments\ca\simulatorproject\finalriscvsimulator\debug\cpu.obj
e:\lecturesandnotes\assignments\ca\simulatorproject\computerarchitectureproject\debug\finalriscvsimulatorwonlypipeline.ilk
e:\lecturesandnotes\assignments\ca\simulatorproject\computerarchitectureproject\debug\finalriscvsimulatorwonlypipeline.exe
e:\lecturesandnotes\assignments\ca\simulatorproject\computerarchitectureproject\debug\finalriscvsimulatorwonlypipeline.pdb
e:\lecturesandnotes\assignments\ca\simulatorproject\finalriscvsimulator\debug\finalris.601f6196.tlog\cl.command.1.tlog
e:\lecturesandnotes\assignments\ca\simulatorproject\finalriscvsimulator\debug\finalris.601f6196.tlog\cl.read.1.tlog
e:\lecturesandnotes\assignments\ca\simulatorproject\finalriscvsimulator\debug\finalris.601f6196.tlog\cl.write.1.tlog
e:\lecturesandnotes\assignments\ca\simulatorproject\finalriscvsimulator\debug\finalris.601f6196.tlog\link.command.1.tlog
e:\lecturesandnotes\assignments\ca\simulatorproject\finalriscvsimulator\debug\finalris.601f6196.tlog\link.read.1.tlog
e:\lecturesandnotes\assignments\ca\simulatorproject\finalriscvsimulator\debug\finalris.601f6196.tlog\link.write.1.tlog
